<?xml version="1.0" encoding="UTF-8"?>
<!-- Generated by org.testng.reporters.JUnitXMLReporter -->
<testsuite ignored="0" hostname="DESKTOP-P8MFANV" failures="3" tests="10" name="Test(failed)" time="57.488" errors="0" timestamp="2025-03-05T20:04:15 IST">
  <testcase classname="testscripts.Baseclass" name="@AfterMethod afterMethod" time="0.156">
    <failure type="java.io.FileNotFoundException" message="C:\Users\asus\git\qalegend\qalegend\Outputscreenshot\deleteAUser_01_30_1970_05_30_00.png (The system cannot find the path specified)">
      <![CDATA[java.io.FileNotFoundException: C:\Users\asus\git\qalegend\qalegend\Outputscreenshot\deleteAUser_01_30_1970_05_30_00.png (The system cannot find the path specified)
at java.base/java.io.FileOutputStream.open0(Native Method)
at java.base/java.io.FileOutputStream.open(FileOutputStream.java:289)
at java.base/java.io.FileOutputStream.<init>(FileOutputStream.java:230)
at java.base/java.io.FileOutputStream.<init>(FileOutputStream.java:179)
at org.openqa.selenium.io.FileHandler.copyFile(FileHandler.java:131)
at org.openqa.selenium.io.FileHandler.copy(FileHandler.java:110)
at utilities.ScreenshotUtilities.captureFailureScreenshot(ScreenshotUtilities.java:24)
at testscripts.Baseclass.afterMethod(Baseclass.java:81)
at java.base/java.util.ArrayList.forEach(ArrayList.java:1597)
... Removed 30 stack frames]]>
    </failure>
  </testcase> <!-- @AfterMethod afterMethod -->
  <testcase classname="testscripts.Baseclass" name="@BeforeMethod browserInitialization" time="-1.741185216873E9">
    <skipped/>
  </testcase> <!-- @BeforeMethod browserInitialization -->
  <testcase classname="testscripts.Baseclass" name="@AfterMethod afterMethod" time="-1.741185216879E9">
    <skipped/>
  </testcase> <!-- @AfterMethod afterMethod -->
  <testcase classname="testscripts.Baseclass" name="@BeforeMethod browserInitialization" time="-1.741185216881E9">
    <skipped/>
  </testcase> <!-- @BeforeMethod browserInitialization -->
  <testcase classname="testscripts.Baseclass" name="@AfterMethod afterMethod" time="-1.741185216885E9">
    <skipped/>
  </testcase> <!-- @AfterMethod afterMethod -->
  <testcase classname="testscripts.Baseclass" name="@BeforeMethod browserInitialization" time="-1.741185216886E9">
    <skipped/>
  </testcase> <!-- @BeforeMethod browserInitialization -->
  <testcase classname="testscripts.Baseclass" name="@AfterMethod afterMethod" time="-1.741185216888E9">
    <skipped/>
  </testcase> <!-- @AfterMethod afterMethod -->
  <testcase classname="testscripts.Baseclass" name="@AfterMethod afterMethod" time="0.141">
    <failure type="java.io.FileNotFoundException" message="C:\Users\asus\git\qalegend\qalegend\Outputscreenshot\deleteRoleName_01_30_1970_05_30_00.png (The system cannot find the path specified)">
      <![CDATA[java.io.FileNotFoundException: C:\Users\asus\git\qalegend\qalegend\Outputscreenshot\deleteRoleName_01_30_1970_05_30_00.png (The system cannot find the path specified)
at java.base/java.io.FileOutputStream.open0(Native Method)
at java.base/java.io.FileOutputStream.open(FileOutputStream.java:289)
at java.base/java.io.FileOutputStream.<init>(FileOutputStream.java:230)
at java.base/java.io.FileOutputStream.<init>(FileOutputStream.java:179)
at org.openqa.selenium.io.FileHandler.copyFile(FileHandler.java:131)
at org.openqa.selenium.io.FileHandler.copy(FileHandler.java:110)
at utilities.ScreenshotUtilities.captureFailureScreenshot(ScreenshotUtilities.java:24)
at testscripts.Baseclass.afterMethod(Baseclass.java:81)
at java.base/java.util.ArrayList.forEach(ArrayList.java:1597)
... Removed 30 stack frames]]>
    </failure>
  </testcase> <!-- @AfterMethod afterMethod -->
  <testcase classname="testscripts.Baseclass" name="@BeforeMethod browserInitialization" time="-1.741185237459E9">
    <skipped/>
  </testcase> <!-- @BeforeMethod browserInitialization -->
  <testcase classname="testscripts.Baseclass" name="@AfterMethod afterMethod" time="-1.741185237465E9">
    <skipped/>
  </testcase> <!-- @AfterMethod afterMethod -->
  <testcase classname="testscripts.Baseclass" name="@AfterMethod afterMethod" time="0.118">
    <failure type="java.io.FileNotFoundException" message="C:\Users\asus\git\qalegend\qalegend\Outputscreenshot\editAsupplier_01_30_1970_05_30_00.png (The system cannot find the path specified)">
      <![CDATA[java.io.FileNotFoundException: C:\Users\asus\git\qalegend\qalegend\Outputscreenshot\editAsupplier_01_30_1970_05_30_00.png (The system cannot find the path specified)
at java.base/java.io.FileOutputStream.open0(Native Method)
at java.base/java.io.FileOutputStream.open(FileOutputStream.java:289)
at java.base/java.io.FileOutputStream.<init>(FileOutputStream.java:230)
at java.base/java.io.FileOutputStream.<init>(FileOutputStream.java:179)
at org.openqa.selenium.io.FileHandler.copyFile(FileHandler.java:131)
at org.openqa.selenium.io.FileHandler.copy(FileHandler.java:110)
at utilities.ScreenshotUtilities.captureFailureScreenshot(ScreenshotUtilities.java:24)
at testscripts.Baseclass.afterMethod(Baseclass.java:81)
at java.base/java.util.ArrayList.forEach(ArrayList.java:1597)
... Removed 30 stack frames]]>
    </failure>
  </testcase> <!-- @AfterMethod afterMethod -->
  <testcase classname="testscripts.Baseclass" name="@BeforeMethod browserInitialization" time="-1.741185255095E9">
    <skipped/>
  </testcase> <!-- @BeforeMethod browserInitialization -->
  <testcase classname="testscripts.Baseclass" name="@AfterMethod afterMethod" time="-1.741185255099E9">
    <skipped/>
  </testcase> <!-- @AfterMethod afterMethod -->
  <testcase classname="testscripts.Baseclass" name="@BeforeMethod browserInitialization" time="-1.7411852551E9">
    <skipped/>
  </testcase> <!-- @BeforeMethod browserInitialization -->
  <testcase classname="testscripts.Baseclass" name="@AfterMethod afterMethod" time="-1.741185255103E9">
    <skipped/>
  </testcase> <!-- @AfterMethod afterMethod -->
  <testcase classname="testscripts.Baseclass" name="@BeforeMethod browserInitialization" time="-1.741185255105E9">
    <skipped/>
  </testcase> <!-- @BeforeMethod browserInitialization -->
  <testcase classname="testscripts.Baseclass" name="@AfterMethod afterMethod" time="-1.741185255109E9">
    <skipped/>
  </testcase> <!-- @AfterMethod afterMethod -->
  <testcase classname="testscripts.Qalegenduserstest" name="deleteAUser" time="12.293">
    <failure type="java.lang.NullPointerException" message="Cannot invoke &amp;quot;org.openqa.selenium.WebDriver.manage()&amp;quot; because &amp;quot;this.driver&amp;quot; is null">
      <![CDATA[java.lang.NullPointerException: Cannot invoke "org.openqa.selenium.WebDriver.manage()" because "this.driver" is null
at testscripts.Qalegenduserstest.deleteAUser(Qalegenduserstest.java:61)
at java.base/java.util.ArrayList.forEach(ArrayList.java:1597)
... Removed 25 stack frames]]>
    </failure>
  </testcase> <!-- deleteAUser -->
  <testcase classname="testscripts.Qalegenduserstest" name="createAUser" time="0.0">
    <skipped/>
  </testcase> <!-- createAUser -->
  <testcase classname="testscripts.Qalegenduserstest" name="editAUser" time="0.0">
    <skipped/>
  </testcase> <!-- editAUser -->
  <testcase classname="testscripts.Qalegenduserstest" name="addSalesCommissionAgent" time="0.0">
    <skipped/>
  </testcase> <!-- addSalesCommissionAgent -->
  <testcase classname="testscripts.Qalegendroletest" name="deleteRoleName" time="14.758">
    <failure type="java.lang.NullPointerException" message="Cannot invoke &amp;quot;org.openqa.selenium.WebDriver.manage()&amp;quot; because &amp;quot;this.driver&amp;quot; is null">
      <![CDATA[java.lang.NullPointerException: Cannot invoke "org.openqa.selenium.WebDriver.manage()" because "this.driver" is null
at testscripts.Qalegendroletest.deleteRoleName(Qalegendroletest.java:41)
at java.base/java.util.ArrayList.forEach(ArrayList.java:1597)
... Removed 25 stack frames]]>
    </failure>
  </testcase> <!-- deleteRoleName -->
  <testcase classname="testscripts.Qalegendroletest" name="createRoleName" time="0.0">
    <skipped/>
  </testcase> <!-- createRoleName -->
  <testcase classname="testscripts.QalegendContacttest" name="editAsupplier" time="11.32">
    <failure type="org.openqa.selenium.NoSuchElementException" message="no such element: Unable to locate element: {&amp;quot;method&amp;quot;:&amp;quot;xpath&amp;quot;,&amp;quot;selector&amp;quot;:&amp;quot;//button[@class=&amp;apos;btn btn-block btn-primary btn-modal&amp;apos;]&amp;quot;}
  (Session info: chrome=133.0.6943.142)
For documentation on this error, please visit: https://www.selenium.dev/documentation/webdriver/troubleshooting/errors#no-such-element-exception
Build info: version: &amp;apos;4.27.0&amp;apos;, revision: &amp;apos;d6e718d134&amp;apos;
System info: os.name: &amp;apos;Windows 11&amp;apos;, os.arch: &amp;apos;amd64&amp;apos;, os.version: &amp;apos;10.0&amp;apos;, java.version: &amp;apos;22.0.2&amp;apos;
Driver info: org.openqa.selenium.chrome.ChromeDriver
Command: [7081c95da6f3e97eecfb1f36cfb4cf57, findElement {value=//button[@class=&amp;apos;btn btn-block btn-primary btn-modal&amp;apos;], using=xpath}]
Capabilities {acceptInsecureCerts: false, browserName: chrome, browserVersion: 133.0.6943.142, chrome: {chromedriverVersion: 133.0.6943.141 (2a5d6da0d61..., userDataDir: C:\Users\asus\AppData\Local...}, fedcm:accounts: true, goog:chromeOptions: {debuggerAddress: localhost:8406}, networkConnectionEnabled: false, pageLoadStrategy: normal, platformName: windows, proxy: Proxy(), se:cdp: ws://localhost:8406/devtool..., se:cdpVersion: 133.0.6943.142, setWindowRect: true, strictFileInteractability: false, timeouts: {implicit: 0, pageLoad: 300000, script: 30000}, unhandledPromptBehavior: dismiss and notify, webauthn:extension:credBlob: true, webauthn:extension:largeBlob: true, webauthn:extension:minPinLength: true, webauthn:extension:prf: true, webauthn:virtualAuthenticators: true}
Session ID: 7081c95da6f3e97eecfb1f36cfb4cf57">
      <![CDATA[org.openqa.selenium.NoSuchElementException: no such element: Unable to locate element: {"method":"xpath","selector":"//button[@class='btn btn-block btn-primary btn-modal']"}
  (Session info: chrome=133.0.6943.142)
For documentation on this error, please visit: https://www.selenium.dev/documentation/webdriver/troubleshooting/errors#no-such-element-exception
Build info: version: '4.27.0', revision: 'd6e718d134'
System info: os.name: 'Windows 11', os.arch: 'amd64', os.version: '10.0', java.version: '22.0.2'
Driver info: org.openqa.selenium.chrome.ChromeDriver
Command: [7081c95da6f3e97eecfb1f36cfb4cf57, findElement {value=//button[@class='btn btn-block btn-primary btn-modal'], using=xpath}]
Capabilities {acceptInsecureCerts: false, browserName: chrome, browserVersion: 133.0.6943.142, chrome: {chromedriverVersion: 133.0.6943.141 (2a5d6da0d61..., userDataDir: C:\Users\asus\AppData\Local...}, fedcm:accounts: true, goog:chromeOptions: {debuggerAddress: localhost:8406}, networkConnectionEnabled: false, pageLoadStrategy: normal, platformName: windows, proxy: Proxy(), se:cdp: ws://localhost:8406/devtool..., se:cdpVersion: 133.0.6943.142, setWindowRect: true, strictFileInteractability: false, timeouts: {implicit: 0, pageLoad: 300000, script: 30000}, unhandledPromptBehavior: dismiss and notify, webauthn:extension:credBlob: true, webauthn:extension:largeBlob: true, webauthn:extension:minPinLength: true, webauthn:extension:prf: true, webauthn:virtualAuthenticators: true}
Session ID: 7081c95da6f3e97eecfb1f36cfb4cf57
at org.openqa.selenium.remote.ErrorCodec.decode(ErrorCodec.java:167)
at org.openqa.selenium.remote.codec.w3c.W3CHttpResponseCodec.decode(W3CHttpResponseCodec.java:138)
at org.openqa.selenium.remote.codec.w3c.W3CHttpResponseCodec.decode(W3CHttpResponseCodec.java:50)
at org.openqa.selenium.remote.HttpCommandExecutor.execute(HttpCommandExecutor.java:190)
at org.openqa.selenium.remote.service.DriverCommandExecutor.invokeExecute(DriverCommandExecutor.java:216)
at org.openqa.selenium.remote.service.DriverCommandExecutor.execute(DriverCommandExecutor.java:174)
at org.openqa.selenium.remote.RemoteWebDriver.execute(RemoteWebDriver.java:545)
at org.openqa.selenium.remote.ElementLocation$ElementFinder$2.findElement(ElementLocation.java:165)
at org.openqa.selenium.remote.ElementLocation.findElement(ElementLocation.java:59)
at org.openqa.selenium.remote.RemoteWebDriver.findElement(RemoteWebDriver.java:368)
at org.openqa.selenium.remote.RemoteWebDriver.findElement(RemoteWebDriver.java:362)
at org.openqa.selenium.support.pagefactory.DefaultElementLocator.findElement(DefaultElementLocator.java:68)
at org.openqa.selenium.support.pagefactory.internal.LocatingElementHandler.invoke(LocatingElementHandler.java:38)
at jdk.proxy2/jdk.proxy2.$Proxy13.click(Unknown Source)
at pageclasses.QalegendContactpage.addSupplierBtn(QalegendContactpage.java:56)
at testscripts.QalegendContacttest.editAsupplier(QalegendContacttest.java:50)
at java.base/java.util.ArrayList.forEach(ArrayList.java:1597)
... Removed 28 stack frames]]>
    </failure>
  </testcase> <!-- editAsupplier -->
  <testcase classname="testscripts.QalegendContacttest" name="createACustomer" time="0.0">
    <skipped/>
  </testcase> <!-- createACustomer -->
  <testcase classname="testscripts.QalegendContacttest" name="addSupplier" time="0.0">
    <skipped/>
  </testcase> <!-- addSupplier -->
  <testcase classname="testscripts.QalegendContacttest" name="deleteACustomer" time="0.0">
    <skipped/>
  </testcase> <!-- deleteACustomer -->
</testsuite> <!-- Test(failed) -->
