<?xml version="1.0" encoding="UTF-8"?>
<!-- Generated by org.testng.reporters.JUnitXMLReporter -->
<testsuite ignored="0" hostname="DESKTOP-P8MFANV" failures="3" tests="10" name="Test" time="46.533" errors="0" timestamp="2025-03-05T19:50:59 IST">
  <testcase classname="testscripts.Baseclass" name="@AfterMethod afterMethod" time="0.156">
    <failure type="java.io.FileNotFoundException" message="C:\Users\asus\git\qalegend\qalegend\Outputscreenshot\createAUser_01_30_1970_05_30_00.png (The system cannot find the path specified)">
      <![CDATA[java.io.FileNotFoundException: C:\Users\asus\git\qalegend\qalegend\Outputscreenshot\createAUser_01_30_1970_05_30_00.png (The system cannot find the path specified)
at java.base/java.io.FileOutputStream.open0(Native Method)
at java.base/java.io.FileOutputStream.open(FileOutputStream.java:289)
at java.base/java.io.FileOutputStream.<init>(FileOutputStream.java:230)
at java.base/java.io.FileOutputStream.<init>(FileOutputStream.java:179)
at org.openqa.selenium.io.FileHandler.copyFile(FileHandler.java:131)
at org.openqa.selenium.io.FileHandler.copy(FileHandler.java:110)
at utilities.ScreenshotUtilities.captureFailureScreenshot(ScreenshotUtilities.java:24)
at testscripts.Baseclass.afterMethod(Baseclass.java:81)
at java.base/java.util.ArrayList.forEach(ArrayList.java:1597)
... Removed 30 stack frames]]>
    </failure>
  </testcase> <!-- @AfterMethod afterMethod -->
  <testcase classname="testscripts.Baseclass" name="@BeforeMethod browserInitialization" time="-1.741184435754E9">
    <skipped/>
  </testcase> <!-- @BeforeMethod browserInitialization -->
  <testcase classname="testscripts.Baseclass" name="@AfterMethod afterMethod" time="-1.741184435759E9">
    <skipped/>
  </testcase> <!-- @AfterMethod afterMethod -->
  <testcase classname="testscripts.Baseclass" name="@BeforeMethod browserInitialization" time="-1.741184435762E9">
    <skipped/>
  </testcase> <!-- @BeforeMethod browserInitialization -->
  <testcase classname="testscripts.Baseclass" name="@AfterMethod afterMethod" time="-1.741184435767E9">
    <skipped/>
  </testcase> <!-- @AfterMethod afterMethod -->
  <testcase classname="testscripts.Baseclass" name="@BeforeMethod browserInitialization" time="-1.741184435769E9">
    <skipped/>
  </testcase> <!-- @BeforeMethod browserInitialization -->
  <testcase classname="testscripts.Baseclass" name="@AfterMethod afterMethod" time="-1.741184435773E9">
    <skipped/>
  </testcase> <!-- @AfterMethod afterMethod -->
  <testcase classname="testscripts.Baseclass" name="@AfterMethod afterMethod" time="0.141">
    <failure type="java.io.FileNotFoundException" message="C:\Users\asus\git\qalegend\qalegend\Outputscreenshot\addSupplier_01_30_1970_05_30_00.png (The system cannot find the path specified)">
      <![CDATA[java.io.FileNotFoundException: C:\Users\asus\git\qalegend\qalegend\Outputscreenshot\addSupplier_01_30_1970_05_30_00.png (The system cannot find the path specified)
at java.base/java.io.FileOutputStream.open0(Native Method)
at java.base/java.io.FileOutputStream.open(FileOutputStream.java:289)
at java.base/java.io.FileOutputStream.<init>(FileOutputStream.java:230)
at java.base/java.io.FileOutputStream.<init>(FileOutputStream.java:179)
at org.openqa.selenium.io.FileHandler.copyFile(FileHandler.java:131)
at org.openqa.selenium.io.FileHandler.copy(FileHandler.java:110)
at utilities.ScreenshotUtilities.captureFailureScreenshot(ScreenshotUtilities.java:24)
at testscripts.Baseclass.afterMethod(Baseclass.java:81)
at java.base/java.util.ArrayList.forEach(ArrayList.java:1597)
... Removed 30 stack frames]]>
    </failure>
  </testcase> <!-- @AfterMethod afterMethod -->
  <testcase classname="testscripts.Baseclass" name="@BeforeMethod browserInitialization" time="-1.741184446382E9">
    <skipped/>
  </testcase> <!-- @BeforeMethod browserInitialization -->
  <testcase classname="testscripts.Baseclass" name="@AfterMethod afterMethod" time="-1.741184446384E9">
    <skipped/>
  </testcase> <!-- @AfterMethod afterMethod -->
  <testcase classname="testscripts.Baseclass" name="@BeforeMethod browserInitialization" time="-1.741184446386E9">
    <skipped/>
  </testcase> <!-- @BeforeMethod browserInitialization -->
  <testcase classname="testscripts.Baseclass" name="@AfterMethod afterMethod" time="-1.74118444639E9">
    <skipped/>
  </testcase> <!-- @AfterMethod afterMethod -->
  <testcase classname="testscripts.Baseclass" name="@BeforeMethod browserInitialization" time="-1.741184446392E9">
    <skipped/>
  </testcase> <!-- @BeforeMethod browserInitialization -->
  <testcase classname="testscripts.Baseclass" name="@AfterMethod afterMethod" time="-1.741184446398E9">
    <skipped/>
  </testcase> <!-- @AfterMethod afterMethod -->
  <testcase classname="testscripts.Baseclass" name="@AfterMethod afterMethod" time="0.127">
    <failure type="java.io.FileNotFoundException" message="C:\Users\asus\git\qalegend\qalegend\Outputscreenshot\createRoleName_01_30_1970_05_30_00.png (The system cannot find the path specified)">
      <![CDATA[java.io.FileNotFoundException: C:\Users\asus\git\qalegend\qalegend\Outputscreenshot\createRoleName_01_30_1970_05_30_00.png (The system cannot find the path specified)
at java.base/java.io.FileOutputStream.open0(Native Method)
at java.base/java.io.FileOutputStream.open(FileOutputStream.java:289)
at java.base/java.io.FileOutputStream.<init>(FileOutputStream.java:230)
at java.base/java.io.FileOutputStream.<init>(FileOutputStream.java:179)
at org.openqa.selenium.io.FileHandler.copyFile(FileHandler.java:131)
at org.openqa.selenium.io.FileHandler.copy(FileHandler.java:110)
at utilities.ScreenshotUtilities.captureFailureScreenshot(ScreenshotUtilities.java:24)
at testscripts.Baseclass.afterMethod(Baseclass.java:81)
at java.base/java.util.ArrayList.forEach(ArrayList.java:1597)
... Removed 30 stack frames]]>
    </failure>
  </testcase> <!-- @AfterMethod afterMethod -->
  <testcase classname="testscripts.Baseclass" name="@BeforeMethod browserInitialization" time="-1.741184459865E9">
    <skipped/>
  </testcase> <!-- @BeforeMethod browserInitialization -->
  <testcase classname="testscripts.Baseclass" name="@AfterMethod afterMethod" time="-1.741184459867E9">
    <skipped/>
  </testcase> <!-- @AfterMethod afterMethod -->
  <testcase classname="testscripts.Qalegenduserstest" name="createAUser" time="9.315">
    <failure type="java.lang.NullPointerException" message="Cannot invoke &amp;quot;org.openqa.selenium.WebDriver.manage()&amp;quot; because &amp;quot;this.driver&amp;quot; is null">
      <![CDATA[java.lang.NullPointerException: Cannot invoke "org.openqa.selenium.WebDriver.manage()" because "this.driver" is null
at testscripts.Qalegenduserstest.createAUser(Qalegenduserstest.java:43)
at java.base/java.util.ArrayList.forEach(ArrayList.java:1597)
... Removed 25 stack frames]]>
    </failure>
  </testcase> <!-- createAUser -->
  <testcase classname="testscripts.Qalegenduserstest" name="deleteAUser" time="0.0">
    <skipped/>
  </testcase> <!-- deleteAUser -->
  <testcase classname="testscripts.Qalegenduserstest" name="editAUser" time="0.0">
    <skipped/>
  </testcase> <!-- editAUser -->
  <testcase classname="testscripts.Qalegenduserstest" name="addSalesCommissionAgent" time="0.0">
    <skipped/>
  </testcase> <!-- addSalesCommissionAgent -->
  <testcase classname="testscripts.QalegendContacttest" name="addSupplier" time="6.437">
    <failure type="org.openqa.selenium.ElementNotInteractableException" message="element not interactable
  (Session info: chrome=133.0.6943.142)
Build info: version: &amp;apos;4.27.0&amp;apos;, revision: &amp;apos;d6e718d134&amp;apos;
System info: os.name: &amp;apos;Windows 11&amp;apos;, os.arch: &amp;apos;amd64&amp;apos;, os.version: &amp;apos;10.0&amp;apos;, java.version: &amp;apos;22.0.2&amp;apos;
Driver info: org.openqa.selenium.chrome.ChromeDriver
Command: [e158ba439e55312828743eaa50cb33ec, sendKeysToElement {id=f.5C8AC5730ECBEFC65A9036B65B88971C.d.7B102A8AB840B359A8F16307D1D4B723.e.96, value=[Ljava.lang.CharSequence;@11e323a6}]
Capabilities {acceptInsecureCerts: false, browserName: chrome, browserVersion: 133.0.6943.142, chrome: {chromedriverVersion: 133.0.6943.141 (2a5d6da0d61..., userDataDir: C:\Users\asus\AppData\Local...}, fedcm:accounts: true, goog:chromeOptions: {debuggerAddress: localhost:8081}, networkConnectionEnabled: false, pageLoadStrategy: normal, platformName: windows, proxy: Proxy(), se:cdp: ws://localhost:8081/devtool..., se:cdpVersion: 133.0.6943.142, setWindowRect: true, strictFileInteractability: false, timeouts: {implicit: 0, pageLoad: 300000, script: 30000}, unhandledPromptBehavior: dismiss and notify, webauthn:extension:credBlob: true, webauthn:extension:largeBlob: true, webauthn:extension:minPinLength: true, webauthn:extension:prf: true, webauthn:virtualAuthenticators: true}
Element: [[ChromeDriver: chrome on windows (e158ba439e55312828743eaa50cb33ec)] -&amp;gt; xpath: //input[@class=&amp;apos;form-control input-sm&amp;apos;]]
Session ID: e158ba439e55312828743eaa50cb33ec">
      <![CDATA[org.openqa.selenium.ElementNotInteractableException: element not interactable
  (Session info: chrome=133.0.6943.142)
Build info: version: '4.27.0', revision: 'd6e718d134'
System info: os.name: 'Windows 11', os.arch: 'amd64', os.version: '10.0', java.version: '22.0.2'
Driver info: org.openqa.selenium.chrome.ChromeDriver
Command: [e158ba439e55312828743eaa50cb33ec, sendKeysToElement {id=f.5C8AC5730ECBEFC65A9036B65B88971C.d.7B102A8AB840B359A8F16307D1D4B723.e.96, value=[Ljava.lang.CharSequence;@11e323a6}]
Capabilities {acceptInsecureCerts: false, browserName: chrome, browserVersion: 133.0.6943.142, chrome: {chromedriverVersion: 133.0.6943.141 (2a5d6da0d61..., userDataDir: C:\Users\asus\AppData\Local...}, fedcm:accounts: true, goog:chromeOptions: {debuggerAddress: localhost:8081}, networkConnectionEnabled: false, pageLoadStrategy: normal, platformName: windows, proxy: Proxy(), se:cdp: ws://localhost:8081/devtool..., se:cdpVersion: 133.0.6943.142, setWindowRect: true, strictFileInteractability: false, timeouts: {implicit: 0, pageLoad: 300000, script: 30000}, unhandledPromptBehavior: dismiss and notify, webauthn:extension:credBlob: true, webauthn:extension:largeBlob: true, webauthn:extension:minPinLength: true, webauthn:extension:prf: true, webauthn:virtualAuthenticators: true}
Element: [[ChromeDriver: chrome on windows (e158ba439e55312828743eaa50cb33ec)] -> xpath: //input[@class='form-control input-sm']]
Session ID: e158ba439e55312828743eaa50cb33ec
at org.openqa.selenium.remote.ErrorCodec.decode(ErrorCodec.java:167)
at org.openqa.selenium.remote.codec.w3c.W3CHttpResponseCodec.decode(W3CHttpResponseCodec.java:138)
at org.openqa.selenium.remote.codec.w3c.W3CHttpResponseCodec.decode(W3CHttpResponseCodec.java:50)
at org.openqa.selenium.remote.HttpCommandExecutor.execute(HttpCommandExecutor.java:190)
at org.openqa.selenium.remote.service.DriverCommandExecutor.invokeExecute(DriverCommandExecutor.java:216)
at org.openqa.selenium.remote.service.DriverCommandExecutor.execute(DriverCommandExecutor.java:174)
at org.openqa.selenium.remote.RemoteWebDriver.execute(RemoteWebDriver.java:545)
at org.openqa.selenium.remote.RemoteWebElement.execute(RemoteWebElement.java:223)
at org.openqa.selenium.remote.RemoteWebElement.sendKeys(RemoteWebElement.java:110)
at org.openqa.selenium.support.pagefactory.internal.LocatingElementHandler.invoke(LocatingElementHandler.java:51)
at jdk.proxy2/jdk.proxy2.$Proxy13.sendKeys(Unknown Source)
at pageclasses.QalegendContactpage.searchSupplier(QalegendContactpage.java:69)
at testscripts.QalegendContacttest.addSupplier(QalegendContacttest.java:39)
at java.base/java.util.ArrayList.forEach(ArrayList.java:1597)
... Removed 30 stack frames]]>
    </failure>
  </testcase> <!-- addSupplier -->
  <testcase classname="testscripts.QalegendContacttest" name="editAsupplier" time="0.0">
    <skipped/>
  </testcase> <!-- editAsupplier -->
  <testcase classname="testscripts.QalegendContacttest" name="createACustomer" time="0.0">
    <skipped/>
  </testcase> <!-- createACustomer -->
  <testcase classname="testscripts.QalegendContacttest" name="deleteACustomer" time="0.0">
    <skipped/>
  </testcase> <!-- deleteACustomer -->
  <testcase classname="testscripts.Qalegendroletest" name="createRoleName" time="9.801">
    <failure type="java.lang.NullPointerException" message="Cannot invoke &amp;quot;org.openqa.selenium.WebDriver.manage()&amp;quot; because &amp;quot;this.driver&amp;quot; is null">
      <![CDATA[java.lang.NullPointerException: Cannot invoke "org.openqa.selenium.WebDriver.manage()" because "this.driver" is null
at testscripts.Qalegendroletest.createRoleName(Qalegendroletest.java:22)
at java.base/java.util.ArrayList.forEach(ArrayList.java:1597)
... Removed 25 stack frames]]>
    </failure>
  </testcase> <!-- createRoleName -->
  <testcase classname="testscripts.Qalegendroletest" name="deleteRoleName" time="0.0">
    <skipped/>
  </testcase> <!-- deleteRoleName -->
</testsuite> <!-- Test -->
